0 info it worked if it ends with ok
1 verbose cli [ '/usr/local/Cellar/node/7.4.0/bin/node',
1 verbose cli   '/usr/local/bin/npm',
1 verbose cli   'start' ]
2 info using npm@4.0.5
3 info using node@v7.4.0
4 verbose run-script [ 'prestart', 'start', 'poststart' ]
5 info lifecycle reactapp@1.0.0~prestart: reactapp@1.0.0
6 silly lifecycle reactapp@1.0.0~prestart: no script for prestart, continuing
7 info lifecycle reactapp@1.0.0~start: reactapp@1.0.0
8 verbose lifecycle reactapp@1.0.0~start: unsafe-perm in lifecycle true
9 verbose lifecycle reactapp@1.0.0~start: PATH: /usr/local/lib/node_modules/npm/bin/node-gyp-bin:/Users/enogrob/Things/Projects/tutorialspoint-reactjs/src/reactapp/node_modules/.bin:/Users/enogrob/.kiex/elixirs/elixir-1.4.0/bin:/Users/enogrob/.kiex/bin:/Library/Application Support/GoodSync:/Users/enogrob/.rvm/gems/ruby-2.2.3@global/bin:/Users/enogrob/.rvm/rubies/ruby-2.2.3/bin:/Applications/scilab-5.5.2.app/Contents/MacOS/bin:/usr/local/heroku/bin:~/bin:/usr/local/Cellar/git/2.7.1/bin:/usr/local/sbin:/Users/enogrob/anaconda/bin:/Users/enogrob/Library/Application Support/GoodSync:/usr/local/git/bin:/usr/local/bin:/usr/bin:/bin:/usr/sbin:/sbin:/opt/X11/bin:/usr/local/share/dotnet:/usr/local/mysql/bin:/Users/enogrob/.rvm/bin:/Users/enogrob/.rvm/bin
10 verbose lifecycle reactapp@1.0.0~start: CWD: /Users/enogrob/Things/Projects/tutorialspoint-reactjs/src/reactapp
11 silly lifecycle reactapp@1.0.0~start: Args: [ '-c', 'webpack-dev-server --hot' ]
12 silly lifecycle reactapp@1.0.0~start: Returned: code: 1  signal: null
13 info lifecycle reactapp@1.0.0~start: Failed to exec start script
14 verbose stack Error: reactapp@1.0.0 start: `webpack-dev-server --hot`
14 verbose stack Exit status 1
14 verbose stack     at EventEmitter.<anonymous> (/usr/local/lib/node_modules/npm/lib/utils/lifecycle.js:279:16)
14 verbose stack     at emitTwo (events.js:106:13)
14 verbose stack     at EventEmitter.emit (events.js:191:7)
14 verbose stack     at ChildProcess.<anonymous> (/usr/local/lib/node_modules/npm/lib/utils/spawn.js:40:14)
14 verbose stack     at emitTwo (events.js:106:13)
14 verbose stack     at ChildProcess.emit (events.js:191:7)
14 verbose stack     at maybeClose (internal/child_process.js:885:16)
14 verbose stack     at Process.ChildProcess._handle.onexit (internal/child_process.js:226:5)
15 verbose pkgid reactapp@1.0.0
16 verbose cwd /Users/enogrob/Things/Projects/tutorialspoint-reactjs/src/reactapp
17 error Darwin 16.4.0
18 error argv "/usr/local/Cellar/node/7.4.0/bin/node" "/usr/local/bin/npm" "start"
19 error node v7.4.0
20 error npm  v4.0.5
21 error code ELIFECYCLE
22 error reactapp@1.0.0 start: `webpack-dev-server --hot`
22 error Exit status 1
23 error Failed at the reactapp@1.0.0 start script 'webpack-dev-server --hot'.
23 error Make sure you have the latest version of node.js and npm installed.
23 error If you do, this is most likely a problem with the reactapp package,
23 error not with npm itself.
23 error Tell the author that this fails on your system:
23 error     webpack-dev-server --hot
23 error You can get information on how to open an issue for this project with:
23 error     npm bugs reactapp
23 error Or if that isn't available, you can get their info via:
23 error     npm owner ls reactapp
23 error There is likely additional logging output above.
24 verbose exit [ 1, true ]
